# JRE version: OpenJDK Runtime Environment Corretto-17.0.18.9.1 (17.0.18+9) (build 17.0.18+9-LTS)
# Java VM: OpenJDK 64-Bit Server VM Corretto-17.0.18.9.1 (17.0.18+9-LTS, mixed mode, sharing, tiered, compressed oops, compressed class ptrs, g1 gc, windows-amd64)
GC Precious Log:
 CPUs: 4 total, 4 available
 Memory: 7991M
 Large Page Support: Disabled
 NUMA Support: Disabled
 Compressed Oops: Enabled (32-bit)
 Heap Region Size: 1M
 Heap Min Capacity: 8M
 Heap Initial Capacity: 126M
 Heap Max Capacity: 1998M
 Pre-touch: Disabled
 Parallel Workers: 4
 Concurrent Workers: 1
 Concurrent Refinement Workers: 4
 Periodic GC: Disabled
Heap:
 garbage-first heap   total 158720K, used 92500K [0x0000000083200000, 0x0000000100000000)
  region size 1024K, 1 young (1024K), 1 survivors (1024K)
 Metaspace       used 61722K, committed 62144K, reserved 1114112K
  class space    used 7079K, committed 7296K, reserved 1048576K
GC Heap History (20 events):
Event: 20.649 GC heap after
{Heap after GC invocations=20 (full 0):
 garbage-first heap   total 128000K, used 59216K [0x0000000083200000, 0x0000000100000000)
  region size 1024K, 6 young (6144K), 6 survivors (6144K)
 Metaspace       used 48042K, committed 48384K, reserved 1114112K
  class space    used 5730K, committed 5888K, reserved 1048576K
}
Event: 24.974 GC heap before
{Heap before GC invocations=20 (full 0):
 garbage-first heap   total 128000K, used 97104K [0x0000000083200000, 0x0000000100000000)
  region size 1024K, 43 young (44032K), 6 survivors (6144K)
 Metaspace       used 51863K, committed 52224K, reserved 1114112K
  class space    used 6091K, committed 6272K, reserved 1048576K
}
Event: 24.991 GC heap after
{Heap after GC invocations=21 (full 0):
 garbage-first heap   total 128000K, used 65445K [0x0000000083200000, 0x0000000100000000)
  region size 1024K, 6 young (6144K), 6 survivors (6144K)
 Metaspace       used 51863K, committed 52224K, reserved 1114112K
  class space    used 6091K, committed 6272K, reserved 1048576K
}
Event: 30.827 GC heap before
{Heap before GC invocations=21 (full 0):
 garbage-first heap   total 128000K, used 98213K [0x0000000083200000, 0x0000000100000000)
  region size 1024K, 38 young (38912K), 6 survivors (6144K)
 Metaspace       used 56972K, committed 57344K, reserved 1114112K
  class space    used 6693K, committed 6912K, reserved 1048576K
}
Event: 30.842 GC heap after
{Heap after GC invocations=22 (full 0):
 garbage-first heap   total 128000K, used 69829K [0x0000000083200000, 0x0000000100000000)
  region size 1024K, 4 young (4096K), 4 survivors (4096K)
 Metaspace       used 56972K, committed 57344K, reserved 1114112K
  class space    used 6693K, committed 6912K, reserved 1048576K
}
Event: 33.304 GC heap before
{Heap before GC invocations=23 (full 0):
 garbage-first heap   total 128000K, used 103621K [0x0000000083200000, 0x0000000100000000)
  region size 1024K, 34 young (34816K), 4 survivors (4096K)
 Metaspace       used 57828K, committed 58240K, reserved 1114112K
  class space    used 6740K, committed 6912K, reserved 1048576K
}
Event: 33.319 GC heap after
{Heap after GC invocations=24 (full 0):
 garbage-first heap   total 128000K, used 76666K [0x0000000083200000, 0x0000000100000000)
  region size 1024K, 5 young (5120K), 5 survivors (5120K)
 Metaspace       used 57828K, committed 58240K, reserved 1114112K
  class space    used 6740K, committed 6912K, reserved 1048576K
}
Event: 33.378 GC heap before
{Heap before GC invocations=24 (full 0):
 garbage-first heap   total 128000K, used 77690K [0x0000000083200000, 0x0000000100000000)
  region size 1024K, 6 young (6144K), 5 survivors (5120K)
 Metaspace       used 57829K, committed 58240K, reserved 1114112K
  class space    used 6740K, committed 6912K, reserved 1048576K
}
Event: 33.387 GC heap after
{Heap after GC invocations=25 (full 0):
 garbage-first heap   total 128000K, used 77304K [0x0000000083200000, 0x0000000100000000)
  region size 1024K, 1 young (1024K), 1 survivors (1024K)
 Metaspace       used 57829K, committed 58240K, reserved 1114112K
  class space    used 6740K, committed 6912K, reserved 1048576K
}
Event: 34.548 GC heap before
{Heap before GC invocations=25 (full 0):
 garbage-first heap   total 128000K, used 102904K [0x0000000083200000, 0x0000000100000000)
  region size 1024K, 26 young (26624K), 1 survivors (1024K)
 Metaspace       used 58254K, committed 58688K, reserved 1114112K
  class space    used 6754K, committed 6976K, reserved 1048576K
}
Event: 34.556 GC heap after
{Heap after GC invocations=26 (full 0):
 garbage-first heap   total 128000K, used 81416K [0x0000000083200000, 0x0000000100000000)
  region size 1024K, 4 young (4096K), 4 survivors (4096K)
 Metaspace       used 58254K, committed 58688K, reserved 1114112K
  class space    used 6754K, committed 6976K, reserved 1048576K
}
Event: 35.937 GC heap before
{Heap before GC invocations=27 (full 0):
 garbage-first heap   total 138240K, used 102920K [0x0000000083200000, 0x0000000100000000)
  region size 1024K, 25 young (25600K), 4 survivors (4096K)
 Metaspace       used 58477K, committed 58880K, reserved 1114112K
  class space    used 6754K, committed 6976K, reserved 1048576K
}
Event: 35.947 GC heap after
{Heap after GC invocations=28 (full 0):
 garbage-first heap   total 138240K, used 85084K [0x0000000083200000, 0x0000000100000000)
  region size 1024K, 4 young (4096K), 4 survivors (4096K)
 Metaspace       used 58477K, committed 58880K, reserved 1114112K
  class space    used 6754K, committed 6976K, reserved 1048576K
}
Event: 35.995 GC heap before
{Heap before GC invocations=28 (full 0):
 garbage-first heap   total 138240K, used 87132K [0x0000000083200000, 0x0000000100000000)
  region size 1024K, 6 young (6144K), 4 survivors (4096K)
 Metaspace       used 58485K, committed 58880K, reserved 1114112K
  class space    used 6754K, committed 6976K, reserved 1048576K
}
Event: 36.004 GC heap after
{Heap after GC invocations=29 (full 0):
 garbage-first heap   total 138240K, used 84944K [0x0000000083200000, 0x0000000100000000)
  region size 1024K, 1 young (1024K), 1 survivors (1024K)
 Metaspace       used 58485K, committed 58880K, reserved 1114112K
  class space    used 6754K, committed 6976K, reserved 1048576K
}
Event: 36.929 GC heap before
{Heap before GC invocations=29 (full 0):
 garbage-first heap   total 138240K, used 111568K [0x0000000083200000, 0x0000000100000000)
  region size 1024K, 27 young (27648K), 1 survivors (1024K)
 Metaspace       used 58761K, committed 59136K, reserved 1114112K
  class space    used 6760K, committed 6976K, reserved 1048576K
}
Event: 36.938 GC heap after
{Heap after GC invocations=30 (full 0):
 garbage-first heap   total 138240K, used 89978K [0x0000000083200000, 0x0000000100000000)
  region size 1024K, 4 young (4096K), 4 survivors (4096K)
 Metaspace       used 58761K, committed 59136K, reserved 1114112K
  class space    used 6760K, committed 6976K, reserved 1048576K
}
Event: 38.220 GC heap before
{Heap before GC invocations=31 (full 0):
 garbage-first heap   total 158720K, used 110458K [0x0000000083200000, 0x0000000100000000)
  region size 1024K, 25 young (25600K), 4 survivors (4096K)
 Metaspace       used 61018K, committed 61440K, reserved 1114112K
  class space    used 7008K, committed 7232K, reserved 1048576K
}
Event: 38.231 GC heap after
{Heap after GC invocations=32 (full 0):
 garbage-first heap   total 158720K, used 92675K [0x0000000083200000, 0x0000000100000000)
  region size 1024K, 3 young (3072K), 3 survivors (3072K)
 Metaspace       used 61018K, committed 61440K, reserved 1114112K
  class space    used 7008K, committed 7232K, reserved 1048576K
}
Event: 38.389 GC heap before
{Heap before GC invocations=32 (full 0):
 garbage-first heap   total 158720K, used 96771K [0x0000000083200000, 0x0000000100000000)
  region size 1024K, 7 young (7168K), 3 survivors (3072K)
 Metaspace       used 61722K, committed 62144K, reserved 1114112K
  class space    used 7079K, committed 7296K, reserved 1048576K
}

